0 info it worked if it ends with ok
1 verbose cli [ 'C:\\Program Files\\nodejs\\node.exe',
1 verbose cli   'C:\\Users\\lenovo\\AppData\\Roaming\\npm\\node_modules\\npm\\bin\\npm-cli.js',
1 verbose cli   'install' ]
2 info using npm@3.10.6
3 info using node@v4.4.7
4 silly loadCurrentTree Starting
5 silly install loadCurrentTree
6 silly install readLocalPackageData
7 silly install normalizeTree
8 silly loadCurrentTree Finishing
9 silly loadIdealTree Starting
10 silly install loadIdealTree
11 silly cloneCurrentTree Starting
12 silly install cloneCurrentTreeToIdealTree
13 silly cloneCurrentTree Finishing
14 silly loadShrinkwrap Starting
15 silly install loadShrinkwrap
16 silly loadShrinkwrap Finishing
17 silly loadAllDepsIntoIdealTree Starting
18 silly install loadAllDepsIntoIdealTree
19 silly loadAllDepsIntoIdealTree Finishing
20 silly loadIdealTree Finishing
21 silly currentTree angular-boilerplate@1.0.0
21 silly currentTree +-- angular-ui-router@0.3.1
21 silly currentTree +-- angular@1.5.8
21 silly currentTree +-- async@0.9.0
21 silly currentTree +-- bootstrap@3.3.7
21 silly currentTree +-- colors@1.0.3
21 silly currentTree +-- corser@2.0.1
21 silly currentTree +-- ecstatic@0.7.6
21 silly currentTree +-- eventemitter3@1.2.0
21 silly currentTree +-- he@0.5.0
21 silly currentTree +-- http-proxy@1.14.0
21 silly currentTree +-- http-server@0.8.5
21 silly currentTree +-- mime@1.3.4
21 silly currentTree +-- minimist@1.2.0
21 silly currentTree +-- mkdirp@0.5.1
21 silly currentTree | `-- minimist@0.0.8
21 silly currentTree +-- opener@1.4.1
21 silly currentTree +-- optimist@0.6.1
21 silly currentTree | `-- minimist@0.0.10
21 silly currentTree +-- portfinder@0.4.0
21 silly currentTree +-- qs@2.3.3
21 silly currentTree +-- requires-port@1.0.0
21 silly currentTree +-- ui-router@1.0.0-alpha.3
21 silly currentTree +-- union@0.4.4
21 silly currentTree +-- url-join@0.0.1
21 silly currentTree `-- wordwrap@0.0.3
22 silly idealTree angular-boilerplate@1.0.0
22 silly idealTree +-- angular-ui-router@0.3.1
22 silly idealTree +-- angular@1.5.8
22 silly idealTree +-- async@0.9.0
22 silly idealTree +-- bootstrap@3.3.7
22 silly idealTree +-- colors@1.0.3
22 silly idealTree +-- corser@2.0.1
22 silly idealTree +-- ecstatic@0.7.6
22 silly idealTree +-- eventemitter3@1.2.0
22 silly idealTree +-- he@0.5.0
22 silly idealTree +-- http-proxy@1.14.0
22 silly idealTree +-- http-server@0.8.5
22 silly idealTree +-- mime@1.3.4
22 silly idealTree +-- minimist@1.2.0
22 silly idealTree +-- mkdirp@0.5.1
22 silly idealTree | `-- minimist@0.0.8
22 silly idealTree +-- opener@1.4.1
22 silly idealTree +-- optimist@0.6.1
22 silly idealTree | `-- minimist@0.0.10
22 silly idealTree +-- portfinder@0.4.0
22 silly idealTree +-- qs@2.3.3
22 silly idealTree +-- requires-port@1.0.0
22 silly idealTree +-- ui-router@1.0.0-alpha.3
22 silly idealTree +-- union@0.4.4
22 silly idealTree +-- url-join@0.0.1
22 silly idealTree `-- wordwrap@0.0.3
23 silly generateActionsToTake Starting
24 silly install generateActionsToTake
25 silly generateActionsToTake Finishing
26 silly diffTrees action count 0
27 silly decomposeActions action count 0
28 silly executeActions Starting
29 silly install executeActions
30 silly doSerial global-install 0
31 silly doParallel fetch 0
32 verbose correctMkdir C:\Users\lenovo\AppData\Roaming\npm-cache\_locks correctMkdir not in flight; initializing
33 verbose lock using C:\Users\lenovo\AppData\Roaming\npm-cache\_locks\staging-ab1b67cb26bd8b3d.lock for C:\code\douban-my\node_modules\.staging
34 silly doParallel extract 0
35 silly doParallel preinstall 0
36 silly doReverseSerial remove 0
37 silly doSerial move 0
38 silly doSerial finalize 0
39 silly doSerial build 0
40 silly doSerial global-link 0
41 silly doParallel update-linked 0
42 silly doSerial install 0
43 silly doSerial postinstall 0
44 verbose unlock done using C:\Users\lenovo\AppData\Roaming\npm-cache\_locks\staging-ab1b67cb26bd8b3d.lock for C:\code\douban-my\node_modules\.staging
45 silly executeActions Finishing
46 silly rollbackFailedOptional Starting
47 silly rollbackFailedOptional Finishing
48 silly runTopLevelLifecycles Starting
49 silly install runTopLevelLifecycles
50 silly preinstall angular-boilerplate@1.0.0 C:\code\douban-my\angular-boilerplate-6886ce81
51 info lifecycle angular-boilerplate@1.0.0~preinstall: angular-boilerplate@1.0.0
52 silly lifecycle angular-boilerplate@1.0.0~preinstall: no script for preinstall, continuing
53 silly build angular-boilerplate@1.0.0
54 info linkStuff angular-boilerplate@1.0.0
55 silly linkStuff angular-boilerplate@1.0.0 has C:\code as its parent node_modules
56 verbose linkBins angular-boilerplate@1.0.0
57 verbose linkMans angular-boilerplate@1.0.0
58 silly install angular-boilerplate@1.0.0 C:\code\douban-my\angular-boilerplate-6886ce81
59 info lifecycle angular-boilerplate@1.0.0~install: angular-boilerplate@1.0.0
60 silly lifecycle angular-boilerplate@1.0.0~install: no script for install, continuing
61 silly postinstall angular-boilerplate@1.0.0 C:\code\douban-my\angular-boilerplate-6886ce81
62 info lifecycle angular-boilerplate@1.0.0~postinstall: angular-boilerplate@1.0.0
63 verbose lifecycle angular-boilerplate@1.0.0~postinstall: unsafe-perm in lifecycle true
64 verbose lifecycle angular-boilerplate@1.0.0~postinstall: PATH: C:\Users\lenovo\AppData\Roaming\npm\node_modules\npm\bin\node-gyp-bin;C:\code\douban-my\node_modules\.bin;C:\WINDOWS\system32;C:\WINDOWS;C:\WINDOWS\System32\Wbem;C:\WINDOWS\System32\WindowsPowerShell\v1.0\;C:\Program Files\nodejs\;C:\Program Files\TortoiseGit\bin;C:\Users\lenovo\AppData\Roaming\npm;C:\Users\lenovo\AppData\Local\Programs\Git\cmd
65 verbose lifecycle angular-boilerplate@1.0.0~postinstall: CWD: C:\code\douban-my
66 silly lifecycle angular-boilerplate@1.0.0~postinstall: Args: [ '/d /s /c', 'bower install' ]
67 silly lifecycle angular-boilerplate@1.0.0~postinstall: Returned: code: 1  signal: null
68 info lifecycle angular-boilerplate@1.0.0~postinstall: Failed to exec postinstall script
69 warn angular-boilerplate@1.0.0 No repository field.
70 verbose stack Error: angular-boilerplate@1.0.0 postinstall: `bower install`
70 verbose stack Exit status 1
70 verbose stack     at EventEmitter.<anonymous> (C:\Users\lenovo\AppData\Roaming\npm\node_modules\npm\lib\utils\lifecycle.js:255:16)
70 verbose stack     at emitTwo (events.js:87:13)
70 verbose stack     at EventEmitter.emit (events.js:172:7)
70 verbose stack     at ChildProcess.<anonymous> (C:\Users\lenovo\AppData\Roaming\npm\node_modules\npm\lib\utils\spawn.js:40:14)
70 verbose stack     at emitTwo (events.js:87:13)
70 verbose stack     at ChildProcess.emit (events.js:172:7)
70 verbose stack     at maybeClose (internal/child_process.js:827:16)
70 verbose stack     at Process.ChildProcess._handle.onexit (internal/child_process.js:211:5)
71 verbose pkgid angular-boilerplate@1.0.0
72 verbose cwd C:\code\douban-my
73 error Windows_NT 10.0.10586
74 error argv "C:\\Program Files\\nodejs\\node.exe" "C:\\Users\\lenovo\\AppData\\Roaming\\npm\\node_modules\\npm\\bin\\npm-cli.js" "install"
75 error node v4.4.7
76 error npm  v3.10.6
77 error code ELIFECYCLE
78 error angular-boilerplate@1.0.0 postinstall: `bower install`
78 error Exit status 1
79 error Failed at the angular-boilerplate@1.0.0 postinstall script 'bower install'.
79 error Make sure you have the latest version of node.js and npm installed.
79 error If you do, this is most likely a problem with the angular-boilerplate package,
79 error not with npm itself.
79 error Tell the author that this fails on your system:
79 error     bower install
79 error You can get information on how to open an issue for this project with:
79 error     npm bugs angular-boilerplate
79 error Or if that isn't available, you can get their info via:
79 error     npm owner ls angular-boilerplate
79 error There is likely additional logging output above.
80 verbose exit [ 1, true ]
